0 info it worked if it ends with ok
1 verbose cli [ 'node', '/Users/sethvincent/.nvm/v0.10.21/bin/npm', 'start' ]
2 info using npm@1.4.4
3 info using node@v0.10.21
4 verbose run-script [ 'prestart', 'start', 'poststart' ]
5 info prestart seattle-icons@0.0.0
6 info start seattle-icons@0.0.0
7 verbose unsafe-perm in lifecycle true
8 info seattle-icons@0.0.0 Failed to exec start script
9 error seattle-icons@0.0.0 start: `serve`
9 error Exit status 8
10 error Failed at the seattle-icons@0.0.0 start script.
10 error This is most likely a problem with the seattle-icons package,
10 error not with npm itself.
10 error Tell the author that this fails on your system:
10 error     serve
10 error You can get their info via:
10 error     npm owner ls seattle-icons
10 error There is likely additional logging output above.
11 error System Darwin 13.1.0
12 error command "node" "/Users/sethvincent/.nvm/v0.10.21/bin/npm" "start"
13 error cwd /Users/sethvincent/workspace/codeforseattle/seattle-icons
14 error node -v v0.10.21
15 error npm -v 1.4.4
16 error code ELIFECYCLE
17 verbose exit [ 1, true ]
